<?xml version="1.0" encoding="UTF-8"?>
<!-- Generated by org.testng.reporters.JUnitReportReporter -->
<testsuite hostname="1C4Y0F3" failures="0" tests="3" name="com.digvee.training.jenkins.JenkinsCalcTest" time="0.038" errors="0" timestamp="2023-09-08T13:39:46 IST" skipped="0">
  <testcase classname="com.digvee.training.jenkins.JenkinsCalcTest" name="addTest" time="0.013"/>
  <testcase classname="com.digvee.training.jenkins.JenkinsCalcTest" name="mulTest" time="0.012"/>
  <testcase classname="com.digvee.training.jenkins.JenkinsCalcTest" name="subTest" time="0.013"/>
</testsuite> <!-- com.digvee.training.jenkins.JenkinsCalcTest -->
